# JRE version: OpenJDK Runtime Environment Temurin-17.0.13+11 (17.0.13+11) (build 17.0.13+11)
# Java VM: OpenJDK 64-Bit Server VM Temurin-17.0.13+11 (17.0.13+11, mixed mode, tiered, compressed oops, compressed class ptrs, parallel gc, linux-amd64)
GC Precious Log:
 CPUs: 6 total, 6 available
 Memory: 15816M
 Large Page Support: Disabled
 NUMA Support: Disabled
 Compressed Oops: Enabled (32-bit)
 Alignments: Space 512K, Generation 512K, Heap 2M
 Heap Min Capacity: 100M
 Heap Initial Capacity: 100M
 Heap Max Capacity: 1G
 Pre-touch: Disabled
 Parallel Workers: 6
Heap:
 PSYoungGen      total 9728K, used 9727K [0x00000000eab00000, 0x00000000ebd80000, 0x0000000100000000)
  eden space 7680K, 100% used [0x00000000eab00000,0x00000000eb280000,0x00000000eb280000)
  from space 2048K, 99% used [0x00000000eb280000,0x00000000eb47fe40,0x00000000eb480000)
  to   space 5632K, 0% used [0x00000000eb800000,0x00000000eb800000,0x00000000ebd80000)
 ParOldGen       total 139264K, used 136947K [0x00000000c0000000, 0x00000000c8800000, 0x00000000eab00000)
  object space 139264K, 98% used [0x00000000c0000000,0x00000000c85bcdb8,0x00000000c8800000)
 Metaspace       used 106239K, committed 107520K, reserved 1179648K
  class space    used 10553K, committed 11136K, reserved 1048576K
GC Heap History (20 events):
Event: 5727254,619 GC heap after
{Heap after GC invocations=5731 (full 157):
 PSYoungGen      total 8704K, used 192K [0x00000000eab00000, 0x00000000eb500000, 0x0000000100000000)
  eden space 8192K, 0% used [0x00000000eab00000,0x00000000eab00000,0x00000000eb300000)
  from space 512K, 37% used [0x00000000eb480000,0x00000000eb4b0000,0x00000000eb500000)
  to   space 512K, 0% used [0x00000000eb300000,0x00000000eb300000,0x00000000eb380000)
 ParOldGen       total 139264K, used 133586K [0x00000000c0000000, 0x00000000c8800000, 0x00000000eab00000)
  object space 139264K, 95% used [0x00000000c0000000,0x00000000c8274a18,0x00000000c8800000)
 Metaspace       used 106230K, committed 107520K, reserved 1179648K
  class space    used 10553K, committed 11136K, reserved 1048576K
}
Event: 5754255,884 GC heap before
{Heap before GC invocations=5732 (full 157):
 PSYoungGen      total 8704K, used 8384K [0x00000000eab00000, 0x00000000eb500000, 0x0000000100000000)
  eden space 8192K, 100% used [0x00000000eab00000,0x00000000eb300000,0x00000000eb300000)
  from space 512K, 37% used [0x00000000eb480000,0x00000000eb4b0000,0x00000000eb500000)
  to   space 512K, 0% used [0x00000000eb300000,0x00000000eb300000,0x00000000eb380000)
 ParOldGen       total 139264K, used 133586K [0x00000000c0000000, 0x00000000c8800000, 0x00000000eab00000)
  object space 139264K, 95% used [0x00000000c0000000,0x00000000c8274a18,0x00000000c8800000)
 Metaspace       used 106239K, committed 107520K, reserved 1179648K
  class space    used 10553K, committed 11136K, reserved 1048576K
}
Event: 5754255,887 GC heap after
{Heap after GC invocations=5732 (full 157):
 PSYoungGen      total 8704K, used 192K [0x00000000eab00000, 0x00000000eb500000, 0x0000000100000000)
  eden space 8192K, 0% used [0x00000000eab00000,0x00000000eab00000,0x00000000eb300000)
  from space 512K, 37% used [0x00000000eb300000,0x00000000eb330000,0x00000000eb380000)
  to   space 512K, 0% used [0x00000000eb480000,0x00000000eb480000,0x00000000eb500000)
 ParOldGen       total 139264K, used 133594K [0x00000000c0000000, 0x00000000c8800000, 0x00000000eab00000)
  object space 139264K, 95% used [0x00000000c0000000,0x00000000c8276a18,0x00000000c8800000)
 Metaspace       used 106239K, committed 107520K, reserved 1179648K
  class space    used 10553K, committed 11136K, reserved 1048576K
}
Event: 5775662,400 GC heap before
{Heap before GC invocations=5733 (full 157):
 PSYoungGen      total 8704K, used 8384K [0x00000000eab00000, 0x00000000eb500000, 0x0000000100000000)
  eden space 8192K, 100% used [0x00000000eab00000,0x00000000eb300000,0x00000000eb300000)
  from space 512K, 37% used [0x00000000eb300000,0x00000000eb330000,0x00000000eb380000)
  to   space 512K, 0% used [0x00000000eb480000,0x00000000eb480000,0x00000000eb500000)
 ParOldGen       total 139264K, used 133594K [0x00000000c0000000, 0x00000000c8800000, 0x00000000eab00000)
  object space 139264K, 95% used [0x00000000c0000000,0x00000000c8276a18,0x00000000c8800000)
 Metaspace       used 106239K, committed 107520K, reserved 1179648K
  class space    used 10553K, committed 11136K, reserved 1048576K
}
Event: 5775662,410 GC heap after
{Heap after GC invocations=5733 (full 157):
 PSYoungGen      total 8704K, used 491K [0x00000000eab00000, 0x00000000eb500000, 0x0000000100000000)
  eden space 8192K, 0% used [0x00000000eab00000,0x00000000eab00000,0x00000000eb300000)
  from space 512K, 95% used [0x00000000eb480000,0x00000000eb4facb0,0x00000000eb500000)
  to   space 1024K, 0% used [0x00000000eb300000,0x00000000eb300000,0x00000000eb400000)
 ParOldGen       total 139264K, used 133778K [0x00000000c0000000, 0x00000000c8800000, 0x00000000eab00000)
  object space 139264K, 96% used [0x00000000c0000000,0x00000000c82a4a18,0x00000000c8800000)
 Metaspace       used 106239K, committed 107520K, reserved 1179648K
  class space    used 10553K, committed 11136K, reserved 1048576K
}
Event: 5783157,436 GC heap before
{Heap before GC invocations=5734 (full 157):
 PSYoungGen      total 8704K, used 8683K [0x00000000eab00000, 0x00000000eb500000, 0x0000000100000000)
  eden space 8192K, 100% used [0x00000000eab00000,0x00000000eb300000,0x00000000eb300000)
  from space 512K, 95% used [0x00000000eb480000,0x00000000eb4facb0,0x00000000eb500000)
  to   space 1024K, 0% used [0x00000000eb300000,0x00000000eb300000,0x00000000eb400000)
 ParOldGen       total 139264K, used 133778K [0x00000000c0000000, 0x00000000c8800000, 0x00000000eab00000)
  object space 139264K, 96% used [0x00000000c0000000,0x00000000c82a4a18,0x00000000c8800000)
 Metaspace       used 106239K, committed 107520K, reserved 1179648K
  class space    used 10553K, committed 11136K, reserved 1048576K
}
Event: 5783157,444 GC heap after
{Heap after GC invocations=5734 (full 157):
 PSYoungGen      total 9216K, used 1003K [0x00000000eab00000, 0x00000000eb600000, 0x0000000100000000)
  eden space 8192K, 0% used [0x00000000eab00000,0x00000000eab00000,0x00000000eb300000)
  from space 1024K, 97% used [0x00000000eb300000,0x00000000eb3fac90,0x00000000eb400000)
  to   space 1536K, 0% used [0x00000000eb480000,0x00000000eb480000,0x00000000eb600000)
 ParOldGen       total 139264K, used 133981K [0x00000000c0000000, 0x00000000c8800000, 0x00000000eab00000)
  object space 139264K, 96% used [0x00000000c0000000,0x00000000c82d76c8,0x00000000c8800000)
 Metaspace       used 106239K, committed 107520K, reserved 1179648K
  class space    used 10553K, committed 11136K, reserved 1048576K
}
Event: 5810228,436 GC heap before
{Heap before GC invocations=5735 (full 157):
 PSYoungGen      total 9216K, used 9195K [0x00000000eab00000, 0x00000000eb600000, 0x0000000100000000)
  eden space 8192K, 100% used [0x00000000eab00000,0x00000000eb300000,0x00000000eb300000)
  from space 1024K, 97% used [0x00000000eb300000,0x00000000eb3fac90,0x00000000eb400000)
  to   space 1536K, 0% used [0x00000000eb480000,0x00000000eb480000,0x00000000eb600000)
 ParOldGen       total 139264K, used 133981K [0x00000000c0000000, 0x00000000c8800000, 0x00000000eab00000)
  object space 139264K, 96% used [0x00000000c0000000,0x00000000c82d76c8,0x00000000c8800000)
 Metaspace       used 106239K, committed 107520K, reserved 1179648K
  class space    used 10553K, committed 11136K, reserved 1048576K
}
Event: 5810228,442 GC heap after
{Heap after GC invocations=5735 (full 157):
 PSYoungGen      total 9728K, used 1067K [0x00000000eab00000, 0x00000000eb600000, 0x0000000100000000)
  eden space 8192K, 0% used [0x00000000eab00000,0x00000000eab00000,0x00000000eb300000)
  from space 1536K, 69% used [0x00000000eb480000,0x00000000eb58ac90,0x00000000eb600000)
  to   space 1536K, 0% used [0x00000000eb300000,0x00000000eb300000,0x00000000eb480000)
 ParOldGen       total 139264K, used 133997K [0x00000000c0000000, 0x00000000c8800000, 0x00000000eab00000)
  object space 139264K, 96% used [0x00000000c0000000,0x00000000c82db6c8,0x00000000c8800000)
 Metaspace       used 106239K, committed 107520K, reserved 1179648K
  class space    used 10553K, committed 11136K, reserved 1048576K
}
Event: 5837532,654 GC heap before
{Heap before GC invocations=5736 (full 157):
 PSYoungGen      total 9728K, used 9259K [0x00000000eab00000, 0x00000000eb600000, 0x0000000100000000)
  eden space 8192K, 100% used [0x00000000eab00000,0x00000000eb300000,0x00000000eb300000)
  from space 1536K, 69% used [0x00000000eb480000,0x00000000eb58ac90,0x00000000eb600000)
  to   space 1536K, 0% used [0x00000000eb300000,0x00000000eb300000,0x00000000eb480000)
 ParOldGen       total 139264K, used 133997K [0x00000000c0000000, 0x00000000c8800000, 0x00000000eab00000)
  object space 139264K, 96% used [0x00000000c0000000,0x00000000c82db6c8,0x00000000c8800000)
 Metaspace       used 106239K, committed 107520K, reserved 1179648K
  class space    used 10553K, committed 11136K, reserved 1048576K
}
Event: 5837532,656 GC heap after
{Heap after GC invocations=5736 (full 157):
 PSYoungGen      total 9728K, used 1067K [0x00000000eab00000, 0x00000000eb600000, 0x0000000100000000)
  eden space 8192K, 0% used [0x00000000eab00000,0x00000000eab00000,0x00000000eb300000)
  from space 1536K, 69% used [0x00000000eb300000,0x00000000eb40ac90,0x00000000eb480000)
  to   space 1536K, 0% used [0x00000000eb480000,0x00000000eb480000,0x00000000eb600000)
 ParOldGen       total 139264K, used 133997K [0x00000000c0000000, 0x00000000c8800000, 0x00000000eab00000)
  object space 139264K, 96% used [0x00000000c0000000,0x00000000c82db6c8,0x00000000c8800000)
 Metaspace       used 106239K, committed 107520K, reserved 1179648K
  class space    used 10553K, committed 11136K, reserved 1048576K
}
Event: 5862335,078 GC heap before
{Heap before GC invocations=5737 (full 157):
 PSYoungGen      total 9728K, used 9252K [0x00000000eab00000, 0x00000000eb600000, 0x0000000100000000)
  eden space 8192K, 99% used [0x00000000eab00000,0x00000000eb2fe628,0x00000000eb300000)
  from space 1536K, 69% used [0x00000000eb300000,0x00000000eb40ac90,0x00000000eb480000)
  to   space 1536K, 0% used [0x00000000eb480000,0x00000000eb480000,0x00000000eb600000)
 ParOldGen       total 139264K, used 133997K [0x00000000c0000000, 0x00000000c8800000, 0x00000000eab00000)
  object space 139264K, 96% used [0x00000000c0000000,0x00000000c82db6c8,0x00000000c8800000)
 Metaspace       used 106239K, committed 107520K, reserved 1179648K
  class space    used 10553K, committed 11136K, reserved 1048576K
}
Event: 5862335,081 GC heap after
{Heap after GC invocations=5737 (full 157):
 PSYoungGen      total 9728K, used 1131K [0x00000000eab00000, 0x00000000eb600000, 0x0000000100000000)
  eden space 8192K, 0% used [0x00000000eab00000,0x00000000eab00000,0x00000000eb300000)
  from space 1536K, 73% used [0x00000000eb480000,0x00000000eb59acb0,0x00000000eb600000)
  to   space 1536K, 0% used [0x00000000eb300000,0x00000000eb300000,0x00000000eb480000)
 ParOldGen       total 139264K, used 133997K [0x00000000c0000000, 0x00000000c8800000, 0x00000000eab00000)
  object space 139264K, 96% used [0x00000000c0000000,0x00000000c82db6c8,0x00000000c8800000)
 Metaspace       used 106239K, committed 107520K, reserved 1179648K
  class space    used 10553K, committed 11136K, reserved 1048576K
}
Event: 5862350,670 GC heap before
{Heap before GC invocations=5738 (full 157):
 PSYoungGen      total 9728K, used 9323K [0x00000000eab00000, 0x00000000eb600000, 0x0000000100000000)
  eden space 8192K, 100% used [0x00000000eab00000,0x00000000eb300000,0x00000000eb300000)
  from space 1536K, 73% used [0x00000000eb480000,0x00000000eb59acb0,0x00000000eb600000)
  to   space 1536K, 0% used [0x00000000eb300000,0x00000000eb300000,0x00000000eb480000)
 ParOldGen       total 139264K, used 133997K [0x00000000c0000000, 0x00000000c8800000, 0x00000000eab00000)
  object space 139264K, 96% used [0x00000000c0000000,0x00000000c82db6c8,0x00000000c8800000)
 Metaspace       used 106239K, committed 107520K, reserved 1179648K
  class space    used 10553K, committed 11136K, reserved 1048576K
}
Event: 5862350,678 GC heap after
{Heap after GC invocations=5738 (full 157):
 PSYoungGen      total 9728K, used 1431K [0x00000000eab00000, 0x00000000eb600000, 0x0000000100000000)
  eden space 8192K, 0% used [0x00000000eab00000,0x00000000eab00000,0x00000000eb300000)
  from space 1536K, 93% used [0x00000000eb300000,0x00000000eb465ef0,0x00000000eb480000)
  to   space 1536K, 0% used [0x00000000eb480000,0x00000000eb480000,0x00000000eb600000)
 ParOldGen       total 139264K, used 134005K [0x00000000c0000000, 0x00000000c8800000, 0x00000000eab00000)
  object space 139264K, 96% used [0x00000000c0000000,0x00000000c82dd6c8,0x00000000c8800000)
 Metaspace       used 106239K, committed 107520K, reserved 1179648K
  class space    used 10553K, committed 11136K, reserved 1048576K
}
Event: 5862362,144 GC heap before
{Heap before GC invocations=5739 (full 157):
 PSYoungGen      total 9728K, used 9623K [0x00000000eab00000, 0x00000000eb600000, 0x0000000100000000)
  eden space 8192K, 100% used [0x00000000eab00000,0x00000000eb300000,0x00000000eb300000)
  from space 1536K, 93% used [0x00000000eb300000,0x00000000eb465ef0,0x00000000eb480000)
  to   space 1536K, 0% used [0x00000000eb480000,0x00000000eb480000,0x00000000eb600000)
 ParOldGen       total 139264K, used 134005K [0x00000000c0000000, 0x00000000c8800000, 0x00000000eab00000)
  object space 139264K, 96% used [0x00000000c0000000,0x00000000c82dd6c8,0x00000000c8800000)
 Metaspace       used 106239K, committed 107520K, reserved 1179648K
  class space    used 10553K, committed 11136K, reserved 1048576K
}
Event: 5862362,147 GC heap after
{Heap after GC invocations=5739 (full 157):
 PSYoungGen      total 9216K, used 1526K [0x00000000eab00000, 0x00000000eb700000, 0x0000000100000000)
  eden space 7680K, 0% used [0x00000000eab00000,0x00000000eab00000,0x00000000eb280000)
  from space 1536K, 99% used [0x00000000eb480000,0x00000000eb5fd940,0x00000000eb600000)
  to   space 2048K, 0% used [0x00000000eb280000,0x00000000eb280000,0x00000000eb480000)
 ParOldGen       total 139264K, used 134069K [0x00000000c0000000, 0x00000000c8800000, 0x00000000eab00000)
  object space 139264K, 96% used [0x00000000c0000000,0x00000000c82ed6c8,0x00000000c8800000)
 Metaspace       used 106239K, committed 107520K, reserved 1179648K
  class space    used 10553K, committed 11136K, reserved 1048576K
}
Event: 5862362,464 GC heap before
{Heap before GC invocations=5740 (full 157):
 PSYoungGen      total 9216K, used 9206K [0x00000000eab00000, 0x00000000eb700000, 0x0000000100000000)
  eden space 7680K, 100% used [0x00000000eab00000,0x00000000eb280000,0x00000000eb280000)
  from space 1536K, 99% used [0x00000000eb480000,0x00000000eb5fd940,0x00000000eb600000)
  to   space 2048K, 0% used [0x00000000eb280000,0x00000000eb280000,0x00000000eb480000)
 ParOldGen       total 139264K, used 134069K [0x00000000c0000000, 0x00000000c8800000, 0x00000000eab00000)
  object space 139264K, 96% used [0x00000000c0000000,0x00000000c82ed6c8,0x00000000c8800000)
 Metaspace       used 106239K, committed 107520K, reserved 1179648K
  class space    used 10553K, committed 11136K, reserved 1048576K
}
Event: 5862362,469 GC heap after
{Heap after GC invocations=5740 (full 157):
 PSYoungGen      total 9728K, used 2047K [0x00000000eab00000, 0x00000000ebd80000, 0x0000000100000000)
  eden space 7680K, 0% used [0x00000000eab00000,0x00000000eab00000,0x00000000eb280000)
  from space 2048K, 99% used [0x00000000eb280000,0x00000000eb47fe40,0x00000000eb480000)
  to   space 5632K, 0% used [0x00000000eb800000,0x00000000eb800000,0x00000000ebd80000)
 ParOldGen       total 139264K, used 136947K [0x00000000c0000000, 0x00000000c8800000, 0x00000000eab00000)
  object space 139264K, 98% used [0x00000000c0000000,0x00000000c85bcdb8,0x00000000c8800000)
 Metaspace       used 106239K, committed 107520K, reserved 1179648K
  class space    used 10553K, committed 11136K, reserved 1048576K
}
Event: 5862362,641 GC heap before
{Heap before GC invocations=5741 (full 158):
 PSYoungGen      total 9728K, used 9727K [0x00000000eab00000, 0x00000000ebd80000, 0x0000000100000000)
  eden space 7680K, 100% used [0x00000000eab00000,0x00000000eb280000,0x00000000eb280000)
  from space 2048K, 99% used [0x00000000eb280000,0x00000000eb47fe40,0x00000000eb480000)
  to   space 5632K, 0% used [0x00000000eb800000,0x00000000eb800000,0x00000000ebd80000)
 ParOldGen       total 139264K, used 136947K [0x00000000c0000000, 0x00000000c8800000, 0x00000000eab00000)
  object space 139264K, 98% used [0x00000000c0000000,0x00000000c85bcdb8,0x00000000c8800000)
 Metaspace       used 106239K, committed 107520K, reserved 1179648K
  class space    used 10553K, committed 11136K, reserved 1048576K
}

