# JRE version: OpenJDK Runtime Environment (11.0.26+4) (build 11.0.26+4-post-Ubuntu-1ubuntu122.04)
# Java VM: OpenJDK 64-Bit Server VM (11.0.26+4-post-Ubuntu-1ubuntu122.04, mixed mode, sharing, tiered, compressed oops, g1 gc, linux-amd64)
Heap:
 garbage-first heap   total 256000K, used 21579K [0x0000000708c00000, 0x0000000800000000)
  region size 1024K, 11 young (11264K), 1 survivors (1024K)
 Metaspace       used 32893K, capacity 34032K, committed 34176K, reserved 1079296K
  class space    used 3480K, capacity 3946K, committed 3968K, reserved 1048576K
GC Heap History (20 events):
Event: 113961,510 GC heap before
{Heap before GC invocations=123 (full 0):
 garbage-first heap   total 256000K, used 162780K [0x0000000708c00000, 0x0000000800000000)
  region size 1024K, 148 young (151552K), 1 survivors (1024K)
 Metaspace       used 32888K, capacity 34032K, committed 34176K, reserved 1079296K
  class space    used 3480K, capacity 3946K, committed 3968K, reserved 1048576K
}
Event: 113961,512 GC heap after
{Heap after GC invocations=124 (full 0):
 garbage-first heap   total 256000K, used 12262K [0x0000000708c00000, 0x0000000800000000)
  region size 1024K, 1 young (1024K), 1 survivors (1024K)
 Metaspace       used 32888K, capacity 34032K, committed 34176K, reserved 1079296K
  class space    used 3480K, capacity 3946K, committed 3968K, reserved 1048576K
}
Event: 114543,017 GC heap before
{Heap before GC invocations=124 (full 0):
 garbage-first heap   total 256000K, used 161766K [0x0000000708c00000, 0x0000000800000000)
  region size 1024K, 148 young (151552K), 1 survivors (1024K)
 Metaspace       used 32888K, capacity 34032K, committed 34176K, reserved 1079296K
  class space    used 3480K, capacity 3946K, committed 3968K, reserved 1048576K
}
Event: 114543,019 GC heap after
{Heap after GC invocations=125 (full 0):
 garbage-first heap   total 256000K, used 12256K [0x0000000708c00000, 0x0000000800000000)
  region size 1024K, 1 young (1024K), 1 survivors (1024K)
 Metaspace       used 32888K, capacity 34032K, committed 34176K, reserved 1079296K
  class space    used 3480K, capacity 3946K, committed 3968K, reserved 1048576K
}
Event: 115118,410 GC heap before
{Heap before GC invocations=125 (full 0):
 garbage-first heap   total 256000K, used 162784K [0x0000000708c00000, 0x0000000800000000)
  region size 1024K, 148 young (151552K), 1 survivors (1024K)
 Metaspace       used 32888K, capacity 34032K, committed 34176K, reserved 1079296K
  class space    used 3480K, capacity 3946K, committed 3968K, reserved 1048576K
}
Event: 115118,412 GC heap after
{Heap after GC invocations=126 (full 0):
 garbage-first heap   total 256000K, used 12263K [0x0000000708c00000, 0x0000000800000000)
  region size 1024K, 1 young (1024K), 1 survivors (1024K)
 Metaspace       used 32888K, capacity 34032K, committed 34176K, reserved 1079296K
  class space    used 3480K, capacity 3946K, committed 3968K, reserved 1048576K
}
Event: 115684,493 GC heap before
{Heap before GC invocations=126 (full 0):
 garbage-first heap   total 256000K, used 162791K [0x0000000708c00000, 0x0000000800000000)
  region size 1024K, 148 young (151552K), 1 survivors (1024K)
 Metaspace       used 32888K, capacity 34032K, committed 34176K, reserved 1079296K
  class space    used 3480K, capacity 3946K, committed 3968K, reserved 1048576K
}
Event: 115684,497 GC heap after
{Heap after GC invocations=127 (full 0):
 garbage-first heap   total 256000K, used 12266K [0x0000000708c00000, 0x0000000800000000)
  region size 1024K, 1 young (1024K), 1 survivors (1024K)
 Metaspace       used 32888K, capacity 34032K, committed 34176K, reserved 1079296K
  class space    used 3480K, capacity 3946K, committed 3968K, reserved 1048576K
}
Event: 116257,485 GC heap before
{Heap before GC invocations=127 (full 0):
 garbage-first heap   total 256000K, used 162794K [0x0000000708c00000, 0x0000000800000000)
  region size 1024K, 148 young (151552K), 1 survivors (1024K)
 Metaspace       used 32888K, capacity 34032K, committed 34176K, reserved 1079296K
  class space    used 3480K, capacity 3946K, committed 3968K, reserved 1048576K
}
Event: 116257,488 GC heap after
{Heap after GC invocations=128 (full 0):
 garbage-first heap   total 256000K, used 12270K [0x0000000708c00000, 0x0000000800000000)
  region size 1024K, 1 young (1024K), 1 survivors (1024K)
 Metaspace       used 32888K, capacity 34032K, committed 34176K, reserved 1079296K
  class space    used 3480K, capacity 3946K, committed 3968K, reserved 1048576K
}
Event: 116833,400 GC heap before
{Heap before GC invocations=128 (full 0):
 garbage-first heap   total 256000K, used 161774K [0x0000000708c00000, 0x0000000800000000)
  region size 1024K, 148 young (151552K), 1 survivors (1024K)
 Metaspace       used 32889K, capacity 34032K, committed 34176K, reserved 1079296K
  class space    used 3480K, capacity 3946K, committed 3968K, reserved 1048576K
}
Event: 116833,404 GC heap after
{Heap after GC invocations=129 (full 0):
 garbage-first heap   total 256000K, used 12279K [0x0000000708c00000, 0x0000000800000000)
  region size 1024K, 1 young (1024K), 1 survivors (1024K)
 Metaspace       used 32889K, capacity 34032K, committed 34176K, reserved 1079296K
  class space    used 3480K, capacity 3946K, committed 3968K, reserved 1048576K
}
Event: 117404,060 GC heap before
{Heap before GC invocations=129 (full 0):
 garbage-first heap   total 256000K, used 162807K [0x0000000708c00000, 0x0000000800000000)
  region size 1024K, 148 young (151552K), 1 survivors (1024K)
 Metaspace       used 32889K, capacity 34032K, committed 34176K, reserved 1079296K
  class space    used 3480K, capacity 3946K, committed 3968K, reserved 1048576K
}
Event: 117404,062 GC heap after
{Heap after GC invocations=130 (full 0):
 garbage-first heap   total 256000K, used 12290K [0x0000000708c00000, 0x0000000800000000)
  region size 1024K, 1 young (1024K), 1 survivors (1024K)
 Metaspace       used 32889K, capacity 34032K, committed 34176K, reserved 1079296K
  class space    used 3480K, capacity 3946K, committed 3968K, reserved 1048576K
}
Event: 117979,279 GC heap before
{Heap before GC invocations=130 (full 0):
 garbage-first heap   total 256000K, used 162818K [0x0000000708c00000, 0x0000000800000000)
  region size 1024K, 148 young (151552K), 1 survivors (1024K)
 Metaspace       used 32890K, capacity 34032K, committed 34176K, reserved 1079296K
  class space    used 3480K, capacity 3946K, committed 3968K, reserved 1048576K
}
Event: 117979,282 GC heap after
{Heap after GC invocations=131 (full 0):
 garbage-first heap   total 256000K, used 12347K [0x0000000708c00000, 0x0000000800000000)
  region size 1024K, 1 young (1024K), 1 survivors (1024K)
 Metaspace       used 32890K, capacity 34032K, committed 34176K, reserved 1079296K
  class space    used 3480K, capacity 3946K, committed 3968K, reserved 1048576K
}
Event: 118519,256 GC heap before
{Heap before GC invocations=131 (full 0):
 garbage-first heap   total 256000K, used 162875K [0x0000000708c00000, 0x0000000800000000)
  region size 1024K, 148 young (151552K), 1 survivors (1024K)
 Metaspace       used 32890K, capacity 34032K, committed 34176K, reserved 1079296K
  class space    used 3480K, capacity 3946K, committed 3968K, reserved 1048576K
}
Event: 118519,257 GC heap after
{Heap after GC invocations=132 (full 0):
 garbage-first heap   total 256000K, used 12425K [0x0000000708c00000, 0x0000000800000000)
  region size 1024K, 1 young (1024K), 1 survivors (1024K)
 Metaspace       used 32890K, capacity 34032K, committed 34176K, reserved 1079296K
  class space    used 3480K, capacity 3946K, committed 3968K, reserved 1048576K
}
Event: 119093,877 GC heap before
{Heap before GC invocations=132 (full 0):
 garbage-first heap   total 256000K, used 162953K [0x0000000708c00000, 0x0000000800000000)
  region size 1024K, 148 young (151552K), 1 survivors (1024K)
 Metaspace       used 32890K, capacity 34032K, committed 34176K, reserved 1079296K
  class space    used 3480K, capacity 3946K, committed 3968K, reserved 1048576K
}
Event: 119093,882 GC heap after
{Heap after GC invocations=133 (full 0):
 garbage-first heap   total 256000K, used 12363K [0x0000000708c00000, 0x0000000800000000)
  region size 1024K, 1 young (1024K), 1 survivors (1024K)
 Metaspace       used 32890K, capacity 34032K, committed 34176K, reserved 1079296K
  class space    used 3480K, capacity 3946K, committed 3968K, reserved 1048576K
}

